1662394054.933229 client started (6928): version 3.2a, socket /tmp/tmux-1000/default, protocol 8
1662394054.933315 on Linux 5.4.195-1-MANJARO #1 SMP PREEMPT Wed May 18 09:23:31 UTC 2022
1662394054.933338 using libevent 2.1.12-stable (poll); ncurses 6.2
1662394054.933385 flags are 0x10010000
1662394054.933396 socket is /tmp/tmux-1000/default
1662394054.933419 trying connect
1662394054.933552 add peer 0x563be983c140: 6 ((nil))
1662394054.934137 sending message 100 to peer 0x563be983c140 (4 bytes)
1662394054.934162 sending message 111 to peer 0x563be983c140 (8 bytes)
1662394054.934174 sending message 101 to peer 0x563be983c140 (16 bytes)
1662394054.934185 sending message 109 to peer 0x563be983c140 (4 bytes)
1662394054.934197 sending message 102 to peer 0x563be983c140 (11 bytes)
1662394054.934208 sending message 108 to peer 0x563be983c140 (32 bytes)
1662394054.934219 sending message 112 to peer 0x563be983c140 (70 bytes)
1662394054.934231 sending message 112 to peer 0x563be983c140 (5 bytes)
1662394054.934243 sending message 112 to peer 0x563be983c140 (5 bytes)
1662394054.934254 sending message 112 to peer 0x563be983c140 (6 bytes)
1662394054.934266 sending message 112 to peer 0x563be983c140 (6 bytes)
1662394054.934281 sending message 112 to peer 0x563be983c140 (11 bytes)
1662394054.934300 sending message 112 to peer 0x563be983c140 (10 bytes)
1662394054.934320 sending message 112 to peer 0x563be983c140 (13 bytes)
1662394054.934338 sending message 112 to peer 0x563be983c140 (13 bytes)
1662394054.934356 sending message 112 to peer 0x563be983c140 (18 bytes)
1662394054.934374 sending message 112 to peer 0x563be983c140 (11 bytes)
1662394054.934395 sending message 112 to peer 0x563be983c140 (21 bytes)
1662394054.934406 sending message 112 to peer 0x563be983c140 (13 bytes)
1662394054.934418 sending message 112 to peer 0x563be983c140 (7 bytes)
1662394054.934430 sending message 112 to peer 0x563be983c140 (13 bytes)
1662394054.934442 sending message 112 to peer 0x563be983c140 (7 bytes)
1662394054.934453 sending message 112 to peer 0x563be983c140 (13 bytes)
1662394054.934464 sending message 112 to peer 0x563be983c140 (9 bytes)
1662394054.934476 sending message 112 to peer 0x563be983c140 (21 bytes)
1662394054.934487 sending message 112 to peer 0x563be983c140 (13 bytes)
1662394054.934500 sending message 112 to peer 0x563be983c140 (8 bytes)
1662394054.934511 sending message 112 to peer 0x563be983c140 (12 bytes)
1662394054.934523 sending message 112 to peer 0x563be983c140 (13 bytes)
1662394054.934534 sending message 112 to peer 0x563be983c140 (9 bytes)
1662394054.934547 sending message 112 to peer 0x563be983c140 (9 bytes)
1662394054.934570 sending message 112 to peer 0x563be983c140 (12 bytes)
1662394054.934575 sending message 112 to peer 0x563be983c140 (8 bytes)
1662394054.934580 sending message 112 to peer 0x563be983c140 (7 bytes)
1662394054.934585 sending message 112 to peer 0x563be983c140 (7 bytes)
1662394054.934589 sending message 112 to peer 0x563be983c140 (9 bytes)
1662394054.934594 sending message 112 to peer 0x563be983c140 (13 bytes)
1662394054.934598 sending message 112 to peer 0x563be983c140 (9 bytes)
1662394054.934603 sending message 112 to peer 0x563be983c140 (15 bytes)
1662394054.934607 sending message 112 to peer 0x563be983c140 (13 bytes)
1662394054.934612 sending message 112 to peer 0x563be983c140 (12 bytes)
1662394054.934617 sending message 112 to peer 0x563be983c140 (8 bytes)
1662394054.934622 sending message 112 to peer 0x563be983c140 (14 bytes)
1662394054.934627 sending message 112 to peer 0x563be983c140 (9 bytes)
1662394054.934632 sending message 112 to peer 0x563be983c140 (10 bytes)
1662394054.934637 sending message 112 to peer 0x563be983c140 (10 bytes)
1662394054.934653 sending message 112 to peer 0x563be983c140 (10 bytes)
1662394054.934658 sending message 112 to peer 0x563be983c140 (10 bytes)
1662394054.934663 sending message 112 to peer 0x563be983c140 (11 bytes)
1662394054.934667 sending message 112 to peer 0x563be983c140 (10 bytes)
1662394054.934672 sending message 112 to peer 0x563be983c140 (8 bytes)
1662394054.934677 sending message 112 to peer 0x563be983c140 (11 bytes)
1662394054.934706 sending message 112 to peer 0x563be983c140 (11 bytes)
1662394054.934712 sending message 112 to peer 0x563be983c140 (11 bytes)
1662394054.934728 sending message 112 to peer 0x563be983c140 (8 bytes)
1662394054.934734 sending message 112 to peer 0x563be983c140 (8 bytes)
1662394054.934739 sending message 112 to peer 0x563be983c140 (8 bytes)
1662394054.934744 sending message 112 to peer 0x563be983c140 (10 bytes)
1662394054.934749 sending message 112 to peer 0x563be983c140 (10 bytes)
1662394054.934754 sending message 112 to peer 0x563be983c140 (10 bytes)
1662394054.934759 sending message 112 to peer 0x563be983c140 (10 bytes)
1662394054.934774 sending message 112 to peer 0x563be983c140 (10 bytes)
1662394054.934780 sending message 112 to peer 0x563be983c140 (11 bytes)
1662394054.934795 sending message 112 to peer 0x563be983c140 (11 bytes)
1662394054.934801 sending message 112 to peer 0x563be983c140 (10 bytes)
1662394054.934806 sending message 112 to peer 0x563be983c140 (9 bytes)
1662394054.934811 sending message 112 to peer 0x563be983c140 (9 bytes)
1662394054.934816 sending message 112 to peer 0x563be983c140 (12 bytes)
1662394054.934832 sending message 112 to peer 0x563be983c140 (9 bytes)
1662394054.934837 sending message 112 to peer 0x563be983c140 (6 bytes)
1662394054.934841 sending message 112 to peer 0x563be983c140 (13 bytes)
1662394054.934846 sending message 112 to peer 0x563be983c140 (8 bytes)
1662394054.934862 sending message 112 to peer 0x563be983c140 (15 bytes)
1662394054.934868 sending message 112 to peer 0x563be983c140 (13 bytes)
1662394054.934873 sending message 112 to peer 0x563be983c140 (70 bytes)
1662394054.934878 sending message 112 to peer 0x563be983c140 (69 bytes)
1662394054.934882 sending message 112 to peer 0x563be983c140 (10 bytes)
1662394054.934887 sending message 112 to peer 0x563be983c140 (8 bytes)
1662394054.934892 sending message 112 to peer 0x563be983c140 (15 bytes)
1662394054.934908 sending message 112 to peer 0x563be983c140 (13 bytes)
1662394054.934914 sending message 112 to peer 0x563be983c140 (10 bytes)
1662394054.934929 sending message 112 to peer 0x563be983c140 (10 bytes)
1662394054.934934 sending message 112 to peer 0x563be983c140 (5 bytes)
1662394054.934939 sending message 112 to peer 0x563be983c140 (15 bytes)
1662394054.934945 sending message 104 to peer 0x563be983c140 (0 bytes)
1662394054.934962 sending message 110 to peer 0x563be983c140 (0 bytes)
1662394054.934969 sending message 107 to peer 0x563be983c140 (4 bytes)
1662394054.934974 sending message 105 to peer 0x563be983c140 (38 bytes)
1662394054.934978 sending message 105 to peer 0x563be983c140 (55 bytes)
1662394054.934982 sending message 105 to peer 0x563be983c140 (20 bytes)
1662394054.934987 sending message 105 to peer 0x563be983c140 (54 bytes)
1662394054.935011 sending message 105 to peer 0x563be983c140 (24 bytes)
1662394054.935031 sending message 105 to peer 0x563be983c140 (11 bytes)
1662394054.935035 sending message 105 to peer 0x563be983c140 (73 bytes)
1662394054.935040 sending message 105 to peer 0x563be983c140 (30 bytes)
1662394054.935045 sending message 105 to peer 0x563be983c140 (12 bytes)
1662394054.935049 sending message 105 to peer 0x563be983c140 (26 bytes)
1662394054.935054 sending message 105 to peer 0x563be983c140 (19 bytes)
1662394054.935058 sending message 105 to peer 0x563be983c140 (16 bytes)
1662394054.935074 sending message 105 to peer 0x563be983c140 (30 bytes)
1662394054.935078 sending message 105 to peer 0x563be983c140 (32 bytes)
1662394054.935083 sending message 105 to peer 0x563be983c140 (44 bytes)
1662394054.935087 sending message 105 to peer 0x563be983c140 (15 bytes)
1662394054.935102 sending message 105 to peer 0x563be983c140 (18 bytes)
1662394054.935108 sending message 105 to peer 0x563be983c140 (13 bytes)
1662394054.935113 sending message 105 to peer 0x563be983c140 (17 bytes)
1662394054.935117 sending message 105 to peer 0x563be983c140 (15 bytes)
1662394054.935122 sending message 105 to peer 0x563be983c140 (28 bytes)
1662394054.935137 sending message 105 to peer 0x563be983c140 (15 bytes)
1662394054.935151 sending message 105 to peer 0x563be983c140 (111 bytes)
1662394054.935157 sending message 105 to peer 0x563be983c140 (53 bytes)
1662394054.935162 sending message 105 to peer 0x563be983c140 (13 bytes)
1662394054.935166 sending message 105 to peer 0x563be983c140 (39 bytes)
1662394054.935171 sending message 105 to peer 0x563be983c140 (539 bytes)
1662394054.935188 sending message 105 to peer 0x563be983c140 (36 bytes)
1662394054.935193 sending message 105 to peer 0x563be983c140 (30 bytes)
1662394054.935197 sending message 105 to peer 0x563be983c140 (27 bytes)
1662394054.935202 sending message 105 to peer 0x563be983c140 (22 bytes)
1662394054.935207 sending message 105 to peer 0x563be983c140 (15 bytes)
1662394054.935211 sending message 105 to peer 0x563be983c140 (19 bytes)
1662394054.935216 sending message 105 to peer 0x563be983c140 (8 bytes)
1662394054.935232 sending message 105 to peer 0x563be983c140 (21 bytes)
1662394054.935237 sending message 105 to peer 0x563be983c140 (18 bytes)
1662394054.935241 sending message 105 to peer 0x563be983c140 (26 bytes)
1662394054.935246 sending message 105 to peer 0x563be983c140 (35 bytes)
1662394054.935262 sending message 105 to peer 0x563be983c140 (13 bytes)
1662394054.935266 sending message 105 to peer 0x563be983c140 (12 bytes)
1662394054.935271 sending message 105 to peer 0x563be983c140 (12 bytes)
1662394054.935276 sending message 105 to peer 0x563be983c140 (18 bytes)
1662394054.935281 sending message 105 to peer 0x563be983c140 (36 bytes)
1662394054.935285 sending message 105 to peer 0x563be983c140 (37 bytes)
1662394054.935290 sending message 105 to peer 0x563be983c140 (65 bytes)
1662394054.935295 sending message 105 to peer 0x563be983c140 (50 bytes)
1662394054.935300 sending message 105 to peer 0x563be983c140 (31 bytes)
1662394054.935305 sending message 105 to peer 0x563be983c140 (15 bytes)
1662394054.935309 sending message 105 to peer 0x563be983c140 (52 bytes)
1662394054.935314 sending message 105 to peer 0x563be983c140 (23 bytes)
1662394054.935319 sending message 105 to peer 0x563be983c140 (28 bytes)
1662394054.935324 sending message 105 to peer 0x563be983c140 (17 bytes)
1662394054.935329 sending message 105 to peer 0x563be983c140 (58 bytes)
1662394054.935334 sending message 105 to peer 0x563be983c140 (21 bytes)
1662394054.935338 sending message 105 to peer 0x563be983c140 (11 bytes)
1662394054.935343 sending message 105 to peer 0x563be983c140 (18 bytes)
1662394054.935348 sending message 105 to peer 0x563be983c140 (33 bytes)
1662394054.935353 sending message 105 to peer 0x563be983c140 (16 bytes)
1662394054.935358 sending message 105 to peer 0x563be983c140 (26 bytes)
1662394054.935363 sending message 105 to peer 0x563be983c140 (16 bytes)
1662394054.935368 sending message 105 to peer 0x563be983c140 (53 bytes)
1662394054.935373 sending message 105 to peer 0x563be983c140 (62 bytes)
1662394054.935377 sending message 105 to peer 0x563be983c140 (13 bytes)
1662394054.935382 sending message 106 to peer 0x563be983c140 (0 bytes)
1662394054.935390 sending message 200 to peer 0x563be983c140 (4 bytes)
1662394054.935395 client loop enter
1662394054.938500 peer 0x563be983c140 message 303
1662394054.938518 open write file 2 -
1662394054.938536 sending message 305 to peer 0x563be983c140 (8 bytes)
1662394054.938560 write check file 2
1662394054.938936 peer 0x563be983c140 message 304
1662394054.938950 write 58 to file 2
1662394054.938958 peer 0x563be983c140 message 203
1662394054.938964 file 2 58 bytes left
1662394054.938987 write check file 2
1662394054.938997 client loop exit
